<?xml version="1.0" encoding="UTF-8"?>
<!-- Generated by org.testng.reporters.JUnitReportReporter -->
<testsuite skipped="0" hostname="DESKTOP-1HH6NBG" name="Selenium.WebdriverTraining.FlipkartTestngExample" tests="4" failures="0" timestamp="2020-03-03T21:06:42 CST" time="0.039" errors="0">
  <testcase name="test4" time="0.003" classname="Selenium.WebdriverTraining.FlipkartTestngExample"/>
  <system-out/>
  <testcase name="test5" time="0.003" classname="Selenium.WebdriverTraining.FlipkartTestngExample"/>
  <system-out/>
  <testcase name="test1" time="0.027" classname="Selenium.WebdriverTraining.FlipkartTestngExample"/>
  <system-out/>
  <testcase name="test6" time="0.006" classname="Selenium.WebdriverTraining.FlipkartTestngExample"/>
  <system-out/>
</testsuite> <!-- Selenium.WebdriverTraining.FlipkartTestngExample -->
