<?xml version="1.0" encoding="UTF-8"?>
<!-- Generated by org.testng.reporters.JUnitReportReporter -->
<testsuite skipped="0" hostname="DESKTOP-1HH6NBG" name="testscripts.FramesExample" tests="1" failures="0" timestamp="2020-03-16T20:29:38 CDT" time="4.267" errors="0">
  <testcase name="testcase1" time="4.267" classname="testscripts.FramesExample"/>
  <system-out/>
</testsuite> <!-- testscripts.FramesExample -->
