<?xml version="1.0" encoding="UTF-8"?>
<!-- Generated by org.testng.reporters.JUnitReportReporter -->
<testsuite skipped="0" hostname="DESKTOP-1HH6NBG" name="Selenium.WebdriverTraining.WedriverTestngExample" tests="5" failures="0" timestamp="2020-03-04T21:48:30 CST" time="38.353" errors="0">
  <testcase name="launch" time="1.513" classname="Selenium.WebdriverTraining.WedriverTestngExample"/>
  <system-out/>
  <testcase name="linkText" time="21.040" classname="Selenium.WebdriverTraining.WedriverTestngExample"/>
  <system-out/>
  <testcase name="type" time="0.255" classname="Selenium.WebdriverTraining.WedriverTestngExample"/>
  <system-out/>
  <testcase name="radioButton" time="0.080" classname="Selenium.WebdriverTraining.WedriverTestngExample"/>
  <system-out/>
  <testcase name="select" time="15.465" classname="Selenium.WebdriverTraining.WedriverTestngExample"/>
  <system-out/>
</testsuite> <!-- Selenium.WebdriverTraining.WedriverTestngExample -->
