<?xml version="1.0" encoding="UTF-8"?>
<!-- Generated by org.testng.reporters.JUnitReportReporter -->
<testsuite skipped="0" hostname="DESKTOP-E3KKIUA" name="testscripts.FlipkartScenario" tests="1" failures="0" timestamp="2020-07-03T01:14:29 IST" time="103.120" errors="0">
  <testcase name="testcase1" time="103.120" classname="testscripts.FlipkartScenario"/>
  <system-out/>
</testsuite> <!-- testscripts.FlipkartScenario -->
