<?xml version="1.0" encoding="UTF-8"?>
<!-- Generated by org.testng.reporters.JUnitReportReporter -->
<testsuite skipped="0" hostname="DESKTOP-1HH6NBG" name="testscripts.FlipkartExample" tests="1" failures="0" timestamp="2020-03-18T21:19:59 CDT" time="76.032" errors="0">
  <testcase name="testcase2" time="76.032" classname="testscripts.FlipkartExample"/>
  <system-out/>
</testsuite> <!-- testscripts.FlipkartExample -->
